Turbo Assembler	 Version 4.1	    02/25/26 19:11:27	    Page 1
vidframe.asm



      1	0000			     .model tiny
      2	0000			     .code
      3				     .286
      4				     org 100h
      5
      6	      =000D		     COLOR			     EQU 0dh
      7	      =005E		     TEXT_COLOR			     EQU 5Eh
      8
      9	      =0004		     NO_MODE_SYMB	     EQU 04h
     10	      =0003		     MODE_ONE_SYMB	     EQU 03h
     11	      =0005		     MODE_TWO_SYMB	     EQU 05h
     12
     13	      =0023		     NEW_LINE_SYMB	     EQU '#'
     14	      =0024		     END_STR_INPUT_SYMB	     EQU '$'
     15
     16	0100  B8 B800		     Start:  mov ax, 0B800h  ; initializing video memory segment register
     17	0103  8E C0			     mov es, ax
     18
     19	0105  33 DB			     xor bx, bx
     20	0107  BB 0370			     mov bx, 160d * 5d + 80d; init video segment shift
     21
     22	010A  B6 24			     mov dh, 24h ; $ ASCII endStrSym
     23
     24					     ; read mode from cmd and put in dl	symbol for frame
     25
     26	010C  E8 0005			     call chooseMode
     27
     28					     ; end programm interrupt
     29	010F				     endProgram:
     30	010F  B8 4C00			     mov ax, 4C00h
     31	0112  CD 21			     int 21h
     32
     33				     ;-----------------------------------------------------------------------
     34				     ; Analyzes	cmd line and calls mode	chosen in cmd
     35				     ; Entry: nop
     36				     ; Exit:  dl = symbol if basicMode chosen
     37				     ; Exp:   nop
     38				     ; Destr: si, dl
     39				     ;-----------------------------------------------------------------------
     40
     41	0114			     chooseMode	     PROC
     42	0114  BE 0080			     mov si, 80h   ; write in si cmd len addr
     43
     44	0117  8A 14			     mov dl, [si]  ; write in dl temporary cmd length
     45
     46	0119  80 FA 00			     cmp dl, 0
     47	011C  75 03			     jne skipNoMode   ;	handle the no mode case
     48	011E					     wrongMode:	  ; jump here if number	don't match appropriate
     49	011E  B2 04				     mov dl, NO_MODE_SYMB
     50	0120  C3				     ret
     51	0121				     skipNoMode:
     52
     53					     ; get mode	number
     54
     55	0121  BE 0082			     mov si, 82h
     56	0124  8A 14			     mov dl, [si]
     57
Turbo Assembler	 Version 4.1	    02/25/26 19:11:27	    Page 2
vidframe.asm



     58					     ; handle mode number
     59
     60	0126  80 FA 30			     cmp dl, 0 + '0'
     61	0129  75 04			     jne notZeroMode
     62	012B  E8 0064				     call complicatedMode
     63	012E  C3				     ret
     64	012F				     notZeroMode:
     65
     66	012F  80 FA 31			     cmp dl, 1 + '0'
     67	0132  75 06			     jne notFirstMode
     68	0134  B2 03				     mov dl, MODE_ONE_SYMB
     69	0136  E8 0015				     call basicMode
     70	0139  C3				     ret
     71	013A				     notFirstMode:
     72
     73	013A  80 FA 32			     cmp dl, 2 + '0'
     74	013D  75 06			     jne notSecondMode
     75	013F  B2 05				     mov dl, MODE_TWO_SYMB
     76	0141  E8 000A				     call basicMode
     77	0144  C3				     ret
     78	0145				     notSecondMode:
     79
     80	0145  80 FA 33			     cmp dl, 3 + '0'
     81	0148  75 D4			     jne wrongMode
     82	014A  E8 0091				     call animationMode
     83	014D  C3				     ret
     84
     85	014E			     chooseMode	ENDP
     86
     87				     ;-----------------------------------------------------------------------
     88				     ; Drawing basic version of	frame just around string with the symbol with code in dl
     89				     ; Entry: dl = symbol of frame
     90				     ; Exit:  nop
     91				     ; Exp:   nop
     92				     ; Destr: ax, bx, cx, si, di
     93				     ;-----------------------------------------------------------------------
     94
     95	014E			     basicMode PROC
     96	014E  BE 0084			     mov si, 84h     ; string to print addr -> si
     97
     98	0151  E8 021F			     call strlen   ; count string length procedure
     99
    100	0154  8B C1			     mov ax, cx
    101	0156  05 0002			     add ax, 2
    102	0159  03 C0			     add ax, ax
    103	015B  E8 023E			     call alignFrame
    104
    105	015E  8B C1			     mov ax, cx
    106	0160  05 0002			     add ax, 2
    107	0163  E8 01B8			     call printFrame
    108
    109	0166  BF 0002			     mov di, 2
    110	0169  E8 0227			     call videoMemPointerMoveBack
    111
    112	016C  81 C3 00A0		     add bx, 160     ; move to next line
    113
    114	0170  E8 0214			     call outSymbol	     ; part of frame
Turbo Assembler	 Version 4.1	    02/25/26 19:11:27	    Page 3
vidframe.asm



    115	0173  E8 01BE			     call printText
    116	0176  E8 020E			     call outSymbol	     ; part of frame
    117
    118	0179  BF 0002			     mov di, 2
    119	017C  E8 0214			     call videoMemPointerMoveBack
    120
    121	017F  81 C3 00A0		     add bx, 160     ; move to next line
    122
    123	0183  8B C1			     mov ax, cx
    124	0185  05 0002			     add ax, 2
    125	0188  E8 0193			     call printFrame
    126
    127	018B  BF 0002			     mov di, 2
    128	018E  E8 0202			     call videoMemPointerMoveBack
    129
    130	0191  C3			     ret
    131	0192			     basicMode ENDP
    132
    133				     ;-----------------------------------------------------------------------
    134				     ; Drawing complicated version of frame with additional parameter in cmd line
    135				     ; Entry: si = pointer to next symbol to print
    136				     ; Exit:  nop
    137				     ; Exp:   nop
    138				     ; Destr: si, ax, cx, dl, bx
    139				     ;-----------------------------------------------------------------------
    140
    141	      =008E		     TEXT_START_ADDR EQU      84h + 10
    142	      =0084		     FRAME_SYM_START_ADDR EQU 84h
    143
    144	0192			     complicatedMode PROC
    145	0192  BE 008E			     mov si, TEXT_START_ADDR ; get strlen
    146	0195  E8 01DB			     call strlen
    147
    148	0198  BE 0084			     mov si, FRAME_SYM_START_ADDR
    149
    150					     ; put align num in	ax
    151	019B  8B C1			     mov ax, cx
    152	019D  05 0006			     add ax, 6
    153	01A0  03 C0			     add ax, ax
    154	01A2  E8 01F7			     call alignFrame
    155
    156					     ; init cycle
    157	01A5  B0 06			     mov al, 6
    158	01A7  B4 01			     mov ah, 1
    159
    160	01A9				     startComplicatedFrameCycle:
    161	01A9  3A E0			     cmp ah, al
    162	01AB  7D 30			     jge endComplicatedFrameCycle
    163	01AD  50				     push ax
    164	01AE  E8 0152				     call findSymForStr
    165
    166	01B1  8A 14				     mov dl, [si]
    167
    168	01B3  E8 0133				     call printCompModeStrPreamble
    169
    170	01B6  80 FC 03				     cmp ah, 3
    171	01B9  75 0B				     jne notTextStr
Turbo Assembler	 Version 4.1	    02/25/26 19:11:27	    Page 4
vidframe.asm



    172	01BB  56					     push si
    173	01BC  BE 008E					     mov si, TEXT_START_ADDR
    174
    175	01BF  E8 0172					     call printText
    176
    177	01C2  5E					     pop si
    178	01C3  EB 06 90					     jmp printedStr
    179	01C6					     notTextStr:
    180
    181	01C6  8B C1				     mov ax, cx
    182	01C8  E8 0153				     call printFrame
    183
    184	01CB					     printedStr:
    185
    186	01CB  E8 0128				     call printCompModeStrPostamble
    187
    188	01CE  BF 0006				     mov di, 6
    189	01D1  E8 01BF				     call videoMemPointerMoveBack
    190	01D4  81 C3 00A0			     add bx, 160     ; move to next line
    191
    192	01D8  58				     pop ax
    193	01D9  FE C4				     inc ah
    194	01DB  EB CC			     jmp startComplicatedFrameCycle
    195	01DD				     endComplicatedFrameCycle:
    196
    197	01DD  C3			     ret
    198	01DE			     complicatedMode ENDP
    199
    200				     ;-----------------------------------------------------------------------
    201				     ; makes frame animation
    202				     ; Entry: dh = ensStr symbol
    203				     ; Exit:  nop
    204				     ; Exp:   nop
    205				     ; Destr: ax, bx, cx, dx, di, si
    206				     ;-----------------------------------------------------------------------
    207
    208	01DE			     animationMode PROC
    209	01DE  E8 001A			     call initAnimation
    210
    211	01E1  E8 0025			     call calcStartStep
    212
    213					     ; mov cx, di
    214	01E4				     StartAnimationCycle:
    215	01E4  3A F0			     cmp dh, al
    216	01E6  7F 12			     jg	endAnimationCycle
    217	01E8  50				     push ax
    218
    219	01E9  BE 0084				     mov si, FRAME_SYM_START_ADDR
    220
    221	01EC  33 DB				     xor bx, bx
    222	01EE  BB 0370				 mov bx, 160 * 5 + 80; init video segment shift
    223
    224	01F1  E8 0027				     call animationDrawFrame
    225
    226	01F4  80 C6 02				     add dh, 2
    227
    228	01F7  58				     pop ax
Turbo Assembler	 Version 4.1	    02/25/26 19:11:27	    Page 5
vidframe.asm



    229	01F8  EB EA			     jmp StartAnimationCycle
    230	01FA				     endAnimationCycle:
    231
    232	01FA  C3			     ret
    233	01FB			     animationMode ENDP
    234
    235				     ;-----------------------------------------------------------------------
    236				     ; puts appropriate	parameters in mem and counts amount of frames to start animation
    237				     ; Entry: no
    238				     ; Exit:  si = start addr of text in mem
    239				     ;		      di = amount of text lines
    240				     ;		      cx = max text line length
    241				     ;		      dl = amount of animation frames
    242				     ; Exp:   no
    243				     ; Destr: si, dl, di, ax,cx
    244				     ;-----------------------------------------------------------------------
    245
    246	01FB			     initAnimation PROC
    247	01FB  BE 008E			 mov si, TEXT_START_ADDR
    248	01FE  E8 014E			 call countLineMaxLen
    249	0201  8B F8			 mov di, ax
    250	0203  E8 00DC			 call getAnimationIterationsCount
    251	0206  8A D0			 mov dl, al
    252	0208  C3			 ret
    253	0209			     initAnimation ENDP
    254
    255				     ;-----------------------------------------------------------------------
    256				     ; calculates start	step of	animation
    257				     ; Entry: no
    258				     ; Exit:  dh = start step of animation
    259				     ; Exp:   no
    260				     ; Destr: dh
    261				     ;-----------------------------------------------------------------------
    262
    263	0209			     calcStartStep PROC
    264	0209  32 F6			     xor dh, dh
    265
    266	020B  F7 C1 0001		     test cx, 1
    267	020F  74 06			     jz	??not_odd
    268	0211  80 C6 03				     add dh, 3d
    269	0214  EB 04 90				     jmp ??is_odd
    270	0217				     ??not_odd:
    271	0217  80 C6 02			     add dh, 2d
    272	021A				     ??is_odd:
    273	021A  C3			     ret
    274	021B			     calcStartStep ENDP
    275
    276				     ;-----------------------------------------------------------------------
    277				     ; draws frame in animation
    278				     ; Entry: dh = current frame index
    279				     ; Exit:  no
    280				     ; Exp:   nop
    281				     ; Destr: ax, bx, si, di
    282				     ;-----------------------------------------------------------------------
    283
    284	021B			     animationDrawFrame	PROC
    285					     ; put align num in	ax
Turbo Assembler	 Version 4.1	    02/25/26 19:11:27	    Page 6
vidframe.asm



    286	021B  33 C0			     xor ax, ax
    287	021D  8A C6			     mov al, dh
    288	021F  02 C0			     add al, al
    289	0221  E8 0178			     call alignFrame
    290
    291	0224  E8 0009			     call animationDrawFrameLines
    292
    293	0227  51			     push cx
    294	0228  B9 FDE8			     mov cx, 65000d
    295	022B  E8 017E			     call delayForAnimation
    296	022E  59			     pop cx
    297
    298	022F  C3			     ret
    299	0230			     animationDrawFrame	ENDP
    300
    301				     ;-----------------------------------------------------------------------
    302				     ; draws animation frame line
    303				     ; Entry: nop
    304				     ; Exit:  dl = symbol if basicMode chosen
    305				     ; Exp:   nop
    306				     ; Destr: ax, bx, si, di
    307				     ;-----------------------------------------------------------------------
    308
    309	0230			     animationDrawFrameLines PROC
    310					     ; init cycle
    311	0230  B8 0005			     mov ax, 4d	+ 1d
    312	0233  03 C7			     add ax, di
    313	0235  B4 01			     mov ah,1
    314	0237				     lineLoop:
    315	0237  3A E0				     cmp ah, al
    316	0239  7D 16				     jge done
    317
    318
    319	023B  53				     push bx
    320	023C  B3 03				     mov bl, 3d
    321	023E  3A E3				     cmp ah, bl
    322	0240  5B				     pop bx
    323
    324	0241  75 07				     jne notTextStr2
    325	0243  3A F2					     cmp dh, dl
    326	0245  7C 03					     jl	notTextStr2
    327
    328	0247  E8 0008					     call animationSpecialTextCase
    329
    330	024A					     notTextStr2:
    331
    332	024A  E8 002B				     call animationDrawSingleLine
    333
    334	024D  FE C4				     inc ah
    335	024F  EB E6				     jmp lineLoop
    336	0251				     done:
    337	0251  C3				     ret
    338	0252			     animationDrawFrameLines ENDP
    339
    340				     ;-----------------------------------------------------------------------
    341				     ; draws end of frame line
    342				     ; Entry: di = amount of text lines	to print
Turbo Assembler	 Version 4.1	    02/25/26 19:11:27	    Page 7
vidframe.asm



    343				     ;		      al = last	str
    344				     ; Exit:  no
    345				     ; Exp:   nop
    346				     ; Destr: ah, si, di, bx
    347				     ;-----------------------------------------------------------------------
    348
    349	0252			     animationSpecialTextCase PROC
    350	0252  BE 008E			     mov si , TEXT_START_ADDR
    351	0255				     ??textPrintCycle:
    352	0255  83 FF 00			     cmp di , 0d
    353	0258  7E 1D			     jle ??printedStr
    354	025A  50				     push ax
    355	025B  52				     push dx
    356	025C  57				     push di
    357	025D  8B FE				     mov di, si
    358
    359	025F  E8 0041				     call startFrameLine
    360
    361	0262  E8 0050				     call animationDrawText
    362
    363	0265  E8 0047				     call endFrameLine
    364
    365	0268  8B F7				     mov si, di
    366	026A  5F				     pop di
    367
    368	026B  5A				     pop dx
    369	026C  E8 0027				     call moveBaseToNextLineStartPos
    370	026F  52				     push dx
    371
    372
    373	0270  4F				     dec di
    374
    375	0271  5A				     pop dx
    376	0272  58				     pop ax
    377	0273  FE C4				     inc ah
    378	0275  EB DE			     jmp ??textPrintCycle
    379
    380	0277				     ??printedStr:
    381
    382	0277  C3			     ret
    383	0278			     animationSpecialTextCase ENDP
    384
    385				     ;-----------------------------------------------------------------------
    386				     ; draws not textLine
    387				     ; Entry: bx = video mem pointer
    388				     ;		      si = pointer for symbol to print with
    389				     ; Exit:  no
    390				     ; Exp:   nop
    391				     ; Destr: bx
    392				     ;-----------------------------------------------------------------------
    393
    394	0278			     animationDrawSingleLine PROC
    395	0278  50			     push ax
    396	0279  52			     push dx
    397
    398	027A  E8 0026			     call startFrameLine
    399
Turbo Assembler	 Version 4.1	    02/25/26 19:11:27	    Page 8
vidframe.asm



    400	027D  8A 14			     mov dl, [si]
    401	027F  83 C6 01			     add si, 1d
    402
    403	0282  33 C0			     xor ax, ax
    404	0284  8A C6			     mov al, dh
    405	0286  2C 02			     sub al, 2d
    406
    407	0288  57			     push di
    408	0289  E8 0092			     call printFrame
    409	028C  5F			     pop di
    410
    411	028D  E8 001F			     call endFrameLine
    412
    413	0290  5A			     pop dx
    414
    415	0291  E8 0002			     call moveBaseToNextLineStartPos
    416
    417	0294  58			     pop ax
    418	0295  C3			     ret
    419	0296			     animationDrawSingleLine ENDP
    420
    421				     ;-----------------------------------------------------------------------
    422				     ; puts drawing pointer to the start of the	next line
    423				     ; Entry: dh = current frame Index
    424				     ;		      al = last	str
    425				     ; Exit:  no
    426				     ; Exp:   nop
    427				     ; Destr: ax, dx, bx
    428				     ;-----------------------------------------------------------------------
    429
    430	0296			     moveBaseToNextLineStartPos	PROC
    431
    432	0296  33 C0			     xor ax, ax
    433	0298  8A C6			     mov al, dh
    434	029A  D1 E0			     shl ax, 1	      ;	ax = dh	* 2
    435	029C  2B D8			     sub bx, ax
    436
    437	029E  81 C3 00A0		     add bx, 160     ; move to next line
    438
    439	02A2  C3			     ret
    440	02A3			     moveBaseToNextLineStartPos	ENDP
    441
    442				     ;-----------------------------------------------------------------------
    443				     ; draws start of frame line
    444				     ; Entry: ah = current str to print
    445				     ;		      al = last	str
    446				     ; Exit:  no
    447				     ; Exp:   nop
    448				     ; Destr: si, dl
    449				     ;-----------------------------------------------------------------------
    450
    451	02A3			     startFrameLine PROC
    452	02A3  E8 005D			     call findSymForStr
    453
    454	02A6  8A 14			     mov dl, [si]
    455	02A8  83 C6 01			     add si, 1d
    456	02AB  E8 00D9			     call outSymbol
Turbo Assembler	 Version 4.1	    02/25/26 19:11:27	    Page 9
vidframe.asm



    457
    458	02AE  C3			     ret
    459	02AF			     startFrameLine ENDP
    460
    461				     ;-----------------------------------------------------------------------
    462				     ; draws end of frame line
    463				     ; Entry: si = addr	of symbol to draw with
    464				     ; Exit:  no
    465				     ; Exp:   no
    466				     ; Destr: dl, bx
    467				     ;-----------------------------------------------------------------------
    468
    469	02AF			     endFrameLine PROC
    470	02AF  8A 14			     mov dl, [si]
    471	02B1  E8 00D3			     call outSymbol
    472
    473	02B4  C3			     ret
    474	02B5			     endFrameLine ENDP
    475
    476				     ;-----------------------------------------------------------------------
    477				     ; Animation string	with text handle
    478				     ; Entry: si = symbol to print addr
    479				     ;		      cx = len text space in line
    480				     ;		      di = addr	text in	memory
    481				     ; Exit:  nop
    482				     ; Exp:   zf = 0 means length str is even
    483				     ;		      zf = 1 means length str is odd
    484				     ; Destr: dl, si, bx, ah, di, cx
    485				     ;-----------------------------------------------------------------------
    486
    487	02B5			     animationDrawText PROC
    488	02B5  8A 14			     mov dl, [si]
    489	02B7  E8 00CD			     call outSymbol
    490	02BA  E8 00CA			     call outSymbol
    491	02BD  83 C6 01			     add si, 1d
    492
    493	02C0  B6 24			     mov dh, '$'
    494
    495	02C2  51			     push cx
    496
    497	02C3  56			     push si
    498	02C4  8B F7			     mov  si, di
    499
    500	02C6  E8 006B			     call printText
    501	02C9  83 C6 01			     add si, 1d	 ;skip # symbol
    502	02CC  8B FE			     mov di, si
    503
    504	02CE  5E			     pop si
    505
    506	02CF				     ??beginFillFreeSpace:
    507	02CF  83 F9 00			     cmp cx, 0d
    508	02D2  7E 06			     jle ??endedFillFreeSpace
    509	02D4  E8 00B0				     call outSymbol
    510	02D7  49				     dec cx
    511	02D8  EB F5			     jmp ??beginFillFreeSpace
    512	02DA				     ??endedFillFreeSpace:
    513
Turbo Assembler	 Version 4.1	    02/25/26 19:11:27	    Page 10
vidframe.asm



    514	02DA  E8 00AA			     call outSymbol
    515	02DD  E8 00A7			     call outSymbol
    516
    517	02E0  59			     pop cx
    518
    519	02E1  C3			     ret
    520	02E2			     animationDrawText ENDP
    521
    522				     ;-----------------------------------------------------------------------
    523				     ; finds amount of animation iterations
    524				     ; Entry: cx = final frame size
    525				     ; Exit:  al = amount of animation iterations
    526				     ; Exp:   nop
    527				     ; Destr: al
    528				     ;-----------------------------------------------------------------------
    529
    530	02E2			     getAnimationIterationsCount PROC
    531	02E2  33 C0			     xor ax, ax
    532	02E4  8A C1			     mov al, cl
    533
    534	02E6  04 06			     add al, 6d
    535
    536	02E8  C3			     ret
    537	02E9			     getAnimationIterationsCount ENDP
    538
    539				     ;-----------------------------------------------------------------------
    540				     ; makes preamble for string with text in complicatedMode
    541				     ; Entry: si = pointer to next symbol to print
    542				     ; Exit:  nop
    543				     ; Exp:   nop
    544				     ; Destr: dl, bx
    545				     ;-----------------------------------------------------------------------
    546
    547	02E9			     printCompModeStrPreamble PROC
    548	02E9  E8 009B			     call outSymbol
    549
    550	02EC  46			     inc si
    551	02ED  8A 14			     mov dl, [si]
    552	02EF  E8 0095			     call outSymbol
    553	02F2  E8 0092			     call outSymbol
    554
    555	02F5  C3			     ret
    556	02F6			     printCompModeStrPreamble ENDP
    557
    558				     ;-----------------------------------------------------------------------
    559				     ; makes postamble for string with text in complicatedMode
    560				     ; Entry: si = pointer to next symbol to print
    561				     ; Exit:  nop
    562				     ; Exp:   nop
    563				     ; Destr: dl, bx
    564				     ;-----------------------------------------------------------------------
    565
    566	02F6			     printCompModeStrPostamble PROC
    567	02F6  E8 008E			     call outSymbol
    568	02F9  E8 008B			     call outSymbol
    569
    570	02FC  46			     inc si
Turbo Assembler	 Version 4.1	    02/25/26 19:11:27	    Page 11
vidframe.asm



    571	02FD  8A 14			     mov dl, [si]
    572	02FF  E8 0085			     call outSymbol
    573
    574	0302  C3			     ret
    575	0303			     printCompModeStrPostamble ENDP
    576
    577				     ;-----------------------------------------------------------------------
    578				     ; pareses current needed symbols of frame from cmd	line
    579				     ; Entry: ah = current str to print
    580				     ;		      al = last	str
    581				     ; Exit:  si = pointer to the needed symbol	in cmd line
    582				     ; Exp:   nop
    583				     ; Destr: si
    584				     ;-----------------------------------------------------------------------
    585
    586	0303			     findSymForStr PROC
    587	0303  80 FC 01			     cmp ah, 1
    588	0306  75 04			     jne notFirst
    589	0308  BE 0084				     mov si, 84h
    590	030B  C3				     ret
    591
    592	030C				     notFirst:
    593	030C  2C 01			     sub al, 1
    594	030E  3A E0			     cmp ah, al
    595
    596	0310  75 06			     jne notLast
    597	0312  BE 008A				     mov si, 84h + 6
    598	0315  EB 04 90				     jmp ??end
    599	0318				     notLast:
    600
    601	0318  BE 0087			     mov si, 84h + 3
    602
    603	031B				     ??end:
    604	031B  04 01			     add al, 1
    605	031D  C3			     ret
    606	031E			     findSymForStr ENDP
    607
    608				     ;-----------------------------------------------------------------------
    609				     ; puts string of symbol to	videoMem
    610				     ; Entry: dl = symbol to print with
    611				     ;		      dh = color code
    612				     ;		      ax = amount symbols to print
    613				     ; Exit:  nop
    614				     ; Exp:   nop
    615				     ; Destr: di, bx
    616				     ;-----------------------------------------------------------------------
    617
    618	031E			     printFrame	PROC
    619
    620	031E  BF 0000			     mov di, 0
    621	0321				     frameCycleStart:
    622	0321  3B F8			     cmp di, ax
    623	0323  7D 0E			     jge endFrameCycle
    624
    625	0325  26: 88 17			     mov byte ptr es:[bx], dl
    626	0328  26: C6 47	01 0D		     mov byte ptr es:[bx + 1], COLOR
    627
Turbo Assembler	 Version 4.1	    02/25/26 19:11:27	    Page 12
vidframe.asm



    628	032D  47			     inc di
    629	032E  83 C3 02			     add bx, 2
    630
    631	0331  EB EE			     jmp frameCycleStart
    632
    633	0333				     endFrameCycle:
    634
    635	0333  C3			     ret
    636	0334			     printFrame	ENDP
    637
    638				     ;-----------------------------------------------------------------------
    639				     ; puts string to videoMem
    640				     ; Entry: Entry: si	= pointer to the begin of str
    641				     ; Exit:  cx = amountNotFilledSpace
    642				     ; Exp:   dh = ensStr symbol ASCII code
    643				     ;
    644				     ; Destr: ah, si, bx, cx
    645				     ;-----------------------------------------------------------------------
    646
    647	0334			     printText PROC
    648
    649					     ; text to videomem
    650	0334				     cycleStart:
    651	0334  8A 24			     mov ah, [si]
    652
    653	0336  3A E6			     cmp ah, dh
    654	0338  74 14			     je	endStr
    655	033A  80 FC 23				     cmp ah, NEW_LINE_SYMB
    656	033D  74 0F				     je	endStr
    657	033F  26: 88 27					     mov byte ptr es:[bx], ah
    658	0342  26: C6 47	01 5E				     mov byte ptr es:[bx+1], TEXT_COLOR
    659
    660	0347  46					     inc si
    661	0348  83 C3 02					     add bx, 2
    662
    663	034B  49					     dec cx
    664	034C  EB E6			     jmp cycleStart
    665
    666	034E				     endStr:
    667
    668	034E  C3			     ret
    669	034F			     printText ENDP
    670
    671				     ;-----------------------------------------------------------------------
    672				     ; counts max line len
    673				     ; Entry: si = pointer to the begin	of str
    674				     ; Exit:  cx = max length line
    675				     ;		      al = amount lines
    676				     ; Exp:   dh = ensStr symbol ASCII code
    677				     ; Destr: ax, cx, di, si
    678				     ;-----------------------------------------------------------------------
    679
    680	034F			     countLineMaxLen PROC
    681	034F  53			     push bx
    682	0350  52			     push dx
    683	0351  33 DB			     xor bx, bx
    684
Turbo Assembler	 Version 4.1	    02/25/26 19:11:27	    Page 13
vidframe.asm



    685	0353  B6 23			     mov dh, NEW_LINE_SYMB
    686	0355				     ??cycleStart:
    687
    688	0355  E8 001B			     call strlen
    689	0358  8B F7			     mov si, di
    690
    691	035A  3B D9			     cmp bx, cx
    692	035C  7F 02			     jg	??notGreaterLine
    693	035E  8B D9				     mov bx, cx
    694	0360				     ??notGreaterLine:
    695
    696	0360  FE C0			     inc al
    697
    698	0362  8A 14			     mov dl, [si]
    699	0364  80 FA 24			     cmp dl, END_STR_INPUT_SYMB
    700	0367  74 03			     je	??cycleEnd
    701
    702	0369  46			     inc si
    703	036A  EB E9			     jmp ??cycleStart
    704
    705	036C				     ??cycleEnd:
    706
    707	036C  32 E4			     xor ah, ah
    708	036E  8B CB			     mov cx, bx
    709
    710	0370  5A			     pop dx
    711	0371  5B			     pop bx
    712	0372  C3			     ret
    713	0373			     countLineMaxLen ENDP
    714
    715				     ;-----------------------------------------------------------------------
    716				     ; counts amount of	symbols	in str with endStr symbol '$'
    717				     ; Entry: si = pointer to the begin	of str
    718				     ; Exit:  cx = length str
    719				     ; Exp:   dh = ensStr symbol ASCII code
    720				     ; Destr: ah, cx, di
    721				     ;-----------------------------------------------------------------------
    722
    723	0373			     strlen PROC
    724	0373  8B FE			     mov di, si
    725	0375  33 C9			     xor cx, cx
    726
    727	0377				     strlenCycle:
    728	0377  8A 25			     mov ah, [di]
    729
    730	0379  3A E6			     cmp ah, dh
    731	037B  74 09			     je	strlenEnd
    732	037D  80 FC 24			     cmp ah, END_STR_INPUT_SYMB
    733	0380  74 04			     je	strlenEnd
    734	0382  47			     inc di
    735
    736	0383  41			     inc cx    ; increment symbols counter
    737	0384  EB F1			     jmp strlenCycle
    738	0386				     strlenEnd:
    739	0386  C3			     ret
    740	0387			     strlen ENDP
    741
Turbo Assembler	 Version 4.1	    02/25/26 19:11:27	    Page 14
vidframe.asm



    742				     ;-----------------------------------------------------------------------
    743				     ; puts symbol in video memory and moves to	next cell for symbol
    744				     ; Entry: dl      =	symbol of frame
    745				     ;		      es:[bx] =	addr where to put symbol
    746				     ; Exit:  nop
    747				     ; Exp:   es:[bx] =	point to appropriate memCell
    748				     ; Destr: bx
    749				     ;-----------------------------------------------------------------------
    750
    751	0387			     outSymbol PROC
    752	0387  26: 88 17			     mov byte ptr es:[bx], dl
    753	038A  26: C6 47	01 0D		     mov byte ptr es:[bx + 1], COLOR
    754	038F  83 C3 02			     add bx, 2
    755
    756	0392  C3			     ret
    757	0393			     outSymbol ENDP
    758
    759				     ;-----------------------------------------------------------------------
    760				     ; returns bx to the start position
    761				     ; Entry: di = amount of extra symbols except from text symbols
    762				     ; Exit:  nop
    763				     ; Exp:   nop
    764				     ; Destr: ax, bx
    765				     ;-----------------------------------------------------------------------
    766
    767	0393			     videoMemPointerMoveBack PROC
    768	0393  8B C1			     mov ax, cx
    769	0395  03 C7			     add ax, di
    770	0397  03 C0			     add ax, ax
    771
    772	0399  2B D8			     sub bx, ax
    773
    774	039B  C3			     ret
    775	039C			     videoMemPointerMoveBack ENDP
    776
    777				     ;-----------------------------------------------------------------------
    778				     ; Alining frame for it to be in the center	of screen
    779				     ; Entry: ax = width of frame in symbols
    780				     ; Exit:  bx = points at the left side of frame
    781				     ; Exp:   bx = points in the center	of some	string
    782				     ; Destr: ax, bx
    783				     ;-----------------------------------------------------------------------
    784
    785	039C			     alignFrame	PROC
    786	039C  3D 0002			     cmp ax, 2d
    787	039F  75 03			     jne notTwoCase
    788	03A1  2B D8				     sub bx, ax
    789	03A3  C3				     ret
    790	03A4				     notTwoCase:
    791	03A4  C1 E8 02			     shr ax, 2
    792	03A7  D1 E0			     shl ax, 1
    793	03A9  2B D8			     sub bx, ax
    794	03AB  C3			     ret
    795	03AC			     alignFrame	ENDP
    796
    797				     ;-----------------------------------------------------------------------
    798				     ; Making delay for	correct	displaying of the animation
Turbo Assembler	 Version 4.1	    02/25/26 19:11:27	    Page 15
vidframe.asm



    799				     ; Entry: cx = amount of tacts to skip
    800				     ; Exit:  nop
    801				     ; Exp:   nop
    802				     ; Destr: cx
    803				     ;-----------------------------------------------------------------------
    804
    805	03AC			     delayForAnimation PROC
    806	03AC				     delay:
    807	03AC  90				     nop
    808	03AD  E2 FD				     loop delay
    809	03AF  C3			     ret
    810	03B0			     delayForAnimation ENDP
    811
    812				     end Start
Turbo Assembler	 Version 4.1	    02/25/26 19:11:27	    Page 16
Symbol Table




Symbol Name			  Type	 Value

??BEGINFILLFREESPACE		  Near	 DGROUP:02CF
??CYCLEEND			  Near	 DGROUP:036C
??CYCLESTART			  Near	 DGROUP:0355
??DATE				  Text	 "02/25/26"
??END				  Near	 DGROUP:031B
??ENDEDFILLFREESPACE		  Near	 DGROUP:02DA
??FILENAME			  Text	 "vidframe"
??IS_ODD			  Near	 DGROUP:021A
??NOTGREATERLINE		  Near	 DGROUP:0360
??NOT_ODD			  Near	 DGROUP:0217
??PRINTEDSTR			  Near	 DGROUP:0277
??TEXTPRINTCYCLE		  Near	 DGROUP:0255
??TIME				  Text	 "19:11:26"
??VERSION			  Number 040A
@32BIT				  Text	 0
@CODE				  Text	 DGROUP
@CODESIZE			  Text	 0
@CPU				  Text	 0707H
@CURSEG				  Text	 _TEXT
@DATA				  Text	 DGROUP
@DATASIZE			  Text	 0
@FILENAME			  Text	 VIDFRAME
@INTERFACE			  Text	 000H
@MODEL				  Text	 1
@STACK				  Text	 DGROUP
@WORDSIZE			  Text	 2
ALIGNFRAME			  Near	 DGROUP:039C
ANIMATIONDRAWFRAME		  Near	 DGROUP:021B
ANIMATIONDRAWFRAMELINES		  Near	 DGROUP:0230
ANIMATIONDRAWSINGLELINE		  Near	 DGROUP:0278
ANIMATIONDRAWTEXT		  Near	 DGROUP:02B5
ANIMATIONMODE			  Near	 DGROUP:01DE
ANIMATIONSPECIALTEXTCASE	  Near	 DGROUP:0252
BASICMODE			  Near	 DGROUP:014E
CALCSTARTSTEP			  Near	 DGROUP:0209
CHOOSEMODE			  Near	 DGROUP:0114
COLOR				  Number 000D
COMPLICATEDMODE			  Near	 DGROUP:0192
COUNTLINEMAXLEN			  Near	 DGROUP:034F
CYCLESTART			  Near	 DGROUP:0334
DELAY				  Near	 DGROUP:03AC
DELAYFORANIMATION		  Near	 DGROUP:03AC
DONE				  Near	 DGROUP:0251
ENDANIMATIONCYCLE		  Near	 DGROUP:01FA
ENDCOMPLICATEDFRAMECYCLE	  Near	 DGROUP:01DD
ENDFRAMECYCLE			  Near	 DGROUP:0333
ENDFRAMELINE			  Near	 DGROUP:02AF
ENDPROGRAM			  Near	 DGROUP:010F
ENDSTR				  Near	 DGROUP:034E
END_STR_INPUT_SYMB		  Number 0024
FINDSYMFORSTR			  Near	 DGROUP:0303
FRAMECYCLESTART			  Near	 DGROUP:0321
FRAME_SYM_START_ADDR		  Number 0084
GETANIMATIONITERATIONSCOUNT	  Near	 DGROUP:02E2
Turbo Assembler	 Version 4.1	    02/25/26 19:11:27	    Page 17
Symbol Table



INITANIMATION			  Near	 DGROUP:01FB
LINELOOP			  Near	 DGROUP:0237
MODE_ONE_SYMB			  Number 0003
MODE_TWO_SYMB			  Number 0005
MOVEBASETONEXTLINESTARTPOS	  Near	 DGROUP:0296
NEW_LINE_SYMB			  Number 0023
NOTFIRST			  Near	 DGROUP:030C
NOTFIRSTMODE			  Near	 DGROUP:013A
NOTLAST				  Near	 DGROUP:0318
NOTSECONDMODE			  Near	 DGROUP:0145
NOTTEXTSTR			  Near	 DGROUP:01C6
NOTTEXTSTR2			  Near	 DGROUP:024A
NOTTWOCASE			  Near	 DGROUP:03A4
NOTZEROMODE			  Near	 DGROUP:012F
NO_MODE_SYMB			  Number 0004
OUTSYMBOL			  Near	 DGROUP:0387
PRINTCOMPMODESTRPOSTAMBLE	  Near	 DGROUP:02F6
PRINTCOMPMODESTRPREAMBLE	  Near	 DGROUP:02E9
PRINTEDSTR			  Near	 DGROUP:01CB
PRINTFRAME			  Near	 DGROUP:031E
PRINTTEXT			  Near	 DGROUP:0334
SKIPNOMODE			  Near	 DGROUP:0121
START				  Near	 DGROUP:0100
STARTANIMATIONCYCLE		  Near	 DGROUP:01E4
STARTCOMPLICATEDFRAMECYCLE	  Near	 DGROUP:01A9
STARTFRAMELINE			  Near	 DGROUP:02A3
STRLEN				  Near	 DGROUP:0373
STRLENCYCLE			  Near	 DGROUP:0377
STRLENEND			  Near	 DGROUP:0386
TEXT_COLOR			  Number 005E
TEXT_START_ADDR			  Number 008E
VIDEOMEMPOINTERMOVEBACK		  Near	 DGROUP:0393
WRONGMODE			  Near	 DGROUP:011E

Groups & Segments		  Bit Size Align  Combine Class

DGROUP				  Group
  _DATA				  16  0000 Word	  Public  DATA
  _TEXT				  16  03B0 Word	  Public  CODE
